<?xml version="1.0" encoding="UTF-8"?>
<!-- Generated by org.testng.reporters.JUnitXMLReporter -->
<testsuite ignored="6" hostname="QT-INNO-LT1235" failures="0" tests="2" name="Default test" time="31.004" errors="0" timestamp="2022-03-24T10:56:32 IST">
  <testcase classname="com.qt.qualithon.test.MovieSearchTest" name="testMovieMetadataOnWebHasCorrectGenres" time="11.654"/>
  <testcase classname="com.qt.qualithon.test.MovieSearchTest" name="testMovieMetadataOnWebHasCorrectGenres" time="13.844"/>
  <testcase classname="com.qt.qualithon.test.MovieSearchTest" name="testSearchByExactMovieTitleReturnsMovieAsFirstResult" time="0.0">
    <ignored/>
  </testcase> <!-- testSearchByExactMovieTitleReturnsMovieAsFirstResult -->
  <testcase classname="com.qt.qualithon.test.MovieSearchTest" name="testMovieMetadataOnWebHasCorrectDirectorName" time="0.0">
    <ignored/>
  </testcase> <!-- testMovieMetadataOnWebHasCorrectDirectorName -->
  <testcase classname="com.qt.qualithon.test.MovieSearchTest" name="testMovieMetadataOnWebHasCorrectMaturityRating" time="0.0">
    <ignored/>
  </testcase> <!-- testMovieMetadataOnWebHasCorrectMaturityRating -->
  <testcase classname="com.qt.qualithon.test.MovieSearchTest" name="testMovieMetadataOnWebHasCorrectReleaseYear" time="0.0">
    <ignored/>
  </testcase> <!-- testMovieMetadataOnWebHasCorrectReleaseYear -->
  <testcase classname="com.qt.qualithon.test.MovieSearchTest" name="testMovieMetadataOnWebHasCorrectWriters" time="0.0">
    <ignored/>
  </testcase> <!-- testMovieMetadataOnWebHasCorrectWriters -->
  <testcase classname="com.qt.qualithon.test.MovieSearchTest" name="testMovieMetadataOnWebHasCorrectMovieRatingScore" time="0.0">
    <ignored/>
  </testcase> <!-- testMovieMetadataOnWebHasCorrectMovieRatingScore -->
</testsuite> <!-- Default test -->
